<?xml version="1.0" encoding="UTF-8"?>
<testsuite name="Unit_testing_cw.cw1test" tests="13" skipped="0" failures="0" errors="0" timestamp="2021-11-10T22:00:06" hostname="ip-172-31-87-100" time="0.012">
  <properties/>
  <testcase name="D2Htest10" classname="Unit_testing_cw.cw1test" time="0.004"/>
  <testcase name="D2Htest11" classname="Unit_testing_cw.cw1test" time="0.001"/>
  <testcase name="D2Htest12" classname="Unit_testing_cw.cw1test" time="0.0"/>
  <testcase name="D2Htest13" classname="Unit_testing_cw.cw1test" time="0.001"/>
  <testcase name="D2Htest1" classname="Unit_testing_cw.cw1test" time="0.0"/>
  <testcase name="D2Htest2" classname="Unit_testing_cw.cw1test" time="0.0"/>
  <testcase name="D2Htest3" classname="Unit_testing_cw.cw1test" time="0.0"/>
  <testcase name="D2Htest4" classname="Unit_testing_cw.cw1test" time="0.0"/>
  <testcase name="D2Htest5" classname="Unit_testing_cw.cw1test" time="0.0"/>
  <testcase name="D2Htest6" classname="Unit_testing_cw.cw1test" time="0.0"/>
  <testcase name="D2Htest7" classname="Unit_testing_cw.cw1test" time="0.0"/>
  <testcase name="D2Htest8" classname="Unit_testing_cw.cw1test" time="0.0"/>
  <testcase name="D2Htest9" classname="Unit_testing_cw.cw1test" time="0.0"/>
  <system-out><![CDATA[Converting the Decimal Value 1 to Hex...
Converting the Decimal Value 999999999 to Hex...
Converting the Decimal Value 55000 to Hex...
Converting the Decimal Value 1000000 to Hex...
Converting the Decimal Value 5 to Hex...
Converting the Decimal Value 10 to Hex...
Converting the Decimal Value 11 to Hex...
Converting the Decimal Value 13 to Hex...
Converting the Decimal Value 9 to Hex...
]]></system-out>
  <system-err><![CDATA[]]></system-err>
</testsuite>
