<?xml version="1.0" encoding="UTF-8"?>
<testsuite name="Unit_testing_cw.cw1test" tests="1" skipped="0" failures="0" errors="0" timestamp="2021-11-10T13:42:22" hostname="ip-172-31-87-100" time="0.003">
  <properties/>
  <testcase name="D2Htest1" classname="Unit_testing_cw.cw1test" time="0.003"/>
  <system-out><![CDATA[Converting the Decimal Value 15 to Hex...
]]></system-out>
  <system-err><![CDATA[]]></system-err>
</testsuite>
